<?xml version="1.0" encoding="UTF-8"?>
<testsuite xmlns:xsi="http://www.w3.org/2001/XMLSchema-instance" xsi:noNamespaceSchemaLocation="https://maven.apache.org/surefire/maven-surefire-plugin/xsd/surefire-test-report-3.0.xsd" version="3.0" name="com.fawry.controller.CheckoutControllerTest" time="0.085" tests="3" errors="0" skipped="0" failures="0">
  <properties>
    <property name="java.specification.version" value="21"/>
    <property name="sun.cpu.isalist" value="amd64"/>
    <property name="sun.jnu.encoding" value="Cp1252"/>
    <property name="java.class.path" value="C:\Users\yousef_el-llban\OneDrive\Desktop\CVs\fawry-intern-task\target\test-classes;C:\Users\yousef_el-llban\OneDrive\Desktop\CVs\fawry-intern-task\target\classes;C:\Users\yousef_el-llban\.m2\repository\org\junit\jupiter\junit-jupiter\5.10.0\junit-jupiter-5.10.0.jar;C:\Users\yousef_el-llban\.m2\repository\org\junit\jupiter\junit-jupiter-api\5.10.0\junit-jupiter-api-5.10.0.jar;C:\Users\yousef_el-llban\.m2\repository\org\opentest4j\opentest4j\1.3.0\opentest4j-1.3.0.jar;C:\Users\yousef_el-llban\.m2\repository\org\junit\platform\junit-platform-commons\1.10.0\junit-platform-commons-1.10.0.jar;C:\Users\yousef_el-llban\.m2\repository\org\apiguardian\apiguardian-api\1.1.2\apiguardian-api-1.1.2.jar;C:\Users\yousef_el-llban\.m2\repository\org\junit\jupiter\junit-jupiter-params\5.10.0\junit-jupiter-params-5.10.0.jar;C:\Users\yousef_el-llban\.m2\repository\org\junit\jupiter\junit-jupiter-engine\5.10.0\junit-jupiter-engine-5.10.0.jar;C:\Users\yousef_el-llban\.m2\repository\org\junit\platform\junit-platform-engine\1.10.0\junit-platform-engine-1.10.0.jar;C:\Users\yousef_el-llban\.m2\repository\org\slf4j\slf4j-api\2.0.13\slf4j-api-2.0.13.jar;C:\Users\yousef_el-llban\.m2\repository\org\slf4j\slf4j-simple\2.0.13\slf4j-simple-2.0.13.jar;"/>
    <property name="java.vm.vendor" value="Oracle Corporation"/>
    <property name="sun.arch.data.model" value="64"/>
    <property name="user.variant" value=""/>
    <property name="java.vendor.url" value="https://java.oracle.com/"/>
    <property name="user.timezone" value="Africa/Cairo"/>
    <property name="os.name" value="Windows 11"/>
    <property name="java.vm.specification.version" value="21"/>
    <property name="sun.java.launcher" value="SUN_STANDARD"/>
    <property name="user.country" value="US"/>
    <property name="sun.boot.library.path" value="C:\Program Files\Java\jdk-21\bin"/>
    <property name="sun.java.command" value="C:\Users\yousef_el-llban\AppData\Local\Temp\surefire2372399064478794820\surefirebooter-20250705024205644_3.jar C:\Users\yousef_el-llban\AppData\Local\Temp\surefire2372399064478794820 2025-07-05T02-42-05_479-jvmRun1 surefire-20250705024205644_1tmp surefire_0-20250705024205644_2tmp"/>
    <property name="jdk.debug" value="release"/>
    <property name="surefire.test.class.path" value="C:\Users\yousef_el-llban\OneDrive\Desktop\CVs\fawry-intern-task\target\test-classes;C:\Users\yousef_el-llban\OneDrive\Desktop\CVs\fawry-intern-task\target\classes;C:\Users\yousef_el-llban\.m2\repository\org\junit\jupiter\junit-jupiter\5.10.0\junit-jupiter-5.10.0.jar;C:\Users\yousef_el-llban\.m2\repository\org\junit\jupiter\junit-jupiter-api\5.10.0\junit-jupiter-api-5.10.0.jar;C:\Users\yousef_el-llban\.m2\repository\org\opentest4j\opentest4j\1.3.0\opentest4j-1.3.0.jar;C:\Users\yousef_el-llban\.m2\repository\org\junit\platform\junit-platform-commons\1.10.0\junit-platform-commons-1.10.0.jar;C:\Users\yousef_el-llban\.m2\repository\org\apiguardian\apiguardian-api\1.1.2\apiguardian-api-1.1.2.jar;C:\Users\yousef_el-llban\.m2\repository\org\junit\jupiter\junit-jupiter-params\5.10.0\junit-jupiter-params-5.10.0.jar;C:\Users\yousef_el-llban\.m2\repository\org\junit\jupiter\junit-jupiter-engine\5.10.0\junit-jupiter-engine-5.10.0.jar;C:\Users\yousef_el-llban\.m2\repository\org\junit\platform\junit-platform-engine\1.10.0\junit-platform-engine-1.10.0.jar;C:\Users\yousef_el-llban\.m2\repository\org\slf4j\slf4j-api\2.0.13\slf4j-api-2.0.13.jar;C:\Users\yousef_el-llban\.m2\repository\org\slf4j\slf4j-simple\2.0.13\slf4j-simple-2.0.13.jar;"/>
    <property name="sun.cpu.endian" value="little"/>
    <property name="user.home" value="C:\Users\yousef_el-llban"/>
    <property name="user.language" value="en"/>
    <property name="java.specification.vendor" value="Oracle Corporation"/>
    <property name="java.version.date" value="2024-01-16"/>
    <property name="java.home" value="C:\Program Files\Java\jdk-21"/>
    <property name="file.separator" value="\"/>
    <property name="basedir" value="C:\Users\yousef_el-llban\OneDrive\Desktop\CVs\fawry-intern-task"/>
    <property name="java.vm.compressedOopsMode" value="Zero based"/>
    <property name="line.separator" value="&#10;"/>
    <property name="java.vm.specification.vendor" value="Oracle Corporation"/>
    <property name="java.specification.name" value="Java Platform API Specification"/>
    <property name="surefire.real.class.path" value="C:\Users\yousef_el-llban\AppData\Local\Temp\surefire2372399064478794820\surefirebooter-20250705024205644_3.jar"/>
    <property name="user.script" value=""/>
    <property name="sun.management.compiler" value="HotSpot 64-Bit Tiered Compilers"/>
    <property name="java.runtime.version" value="21.0.2+13-LTS-58"/>
    <property name="user.name" value="yousef_el-llban"/>
    <property name="stdout.encoding" value="Cp1252"/>
    <property name="path.separator" value=";"/>
    <property name="os.version" value="10.0"/>
    <property name="java.runtime.name" value="Java(TM) SE Runtime Environment"/>
    <property name="file.encoding" value="UTF-8"/>
    <property name="java.vm.name" value="Java HotSpot(TM) 64-Bit Server VM"/>
    <property name="localRepository" value="C:\Users\yousef_el-llban\.m2\repository"/>
    <property name="java.vendor.url.bug" value="https://bugreport.java.com/bugreport/"/>
    <property name="java.io.tmpdir" value="C:\Users\YOUSEF~1\AppData\Local\Temp\"/>
    <property name="idea.version" value="2024.3"/>
    <property name="java.version" value="21.0.2"/>
    <property name="user.dir" value="C:\Users\yousef_el-llban\OneDrive\Desktop\CVs\fawry-intern-task"/>
    <property name="os.arch" value="amd64"/>
    <property name="java.vm.specification.name" value="Java Virtual Machine Specification"/>
    <property name="sun.os.patch.level" value=""/>
    <property name="native.encoding" value="Cp1252"/>
    <property name="java.library.path" value="C:\Program Files\Java\jdk-21\bin;C:\WINDOWS\Sun\Java\bin;C:\WINDOWS\system32;C:\WINDOWS;C:\Program Files\Common Files\Oracle\Java\javapath;C:\WINDOWS\system32;C:\WINDOWS;C:\WINDOWS\System32\Wbem;C:\WINDOWS\System32\WindowsPowerShell\v1.0\;C:\WINDOWS\System32\OpenSSH\;C:\Program Files\Java\jdk-21\bin;C:\Program Files\MySQL\MySQL Server 8.0\bin;C:\Program Files\nodejs\;C:\Program Files\Docker\Docker\resources\bin;C:\Program Files\Apache Maven\apache-maven-3.9.7\bin;C:\Program Files\Java\javafx-sdk-22.0.1\bin;C:\Users\yousef_el-llban\Tomcat Server\apache-tomcat-10.1.24\bin;C:\Program Files\Git\cmd;C:\Program Files\Java\jdk-17.0.11\bin;C:\Program Files\dotnet\;C:\javafx-sdk-23.0.1\bin;C:\xampp\mysql\bin;C:\Users\yousef_el-llban\AppData\Local\Programs\Python\Python313\Scripts\;C:\Users\yousef_el-llban\AppData\Local\Programs\Python\Python313\;C:\Program Files\MySQL\MySQL Shell 8.0\bin\;C:\Users\yousef_el-llban\AppData\Local\Microsoft\WindowsApps;C:\Program Files\JetBrains\IntelliJ IDEA 2024.3\bin;;D:\program file\Microsoft VS Code\bin;C:\Users\yousef_el-llban\AppData\Roaming\npm;C:\Users\yousef_el-llban\AppData\Local\Microsoft\WinGet\Packages\Schniz.fnm_Microsoft.Winget.Source_8wekyb3d8bbwe;C:\flutter\bin;C:\Users\yousef_el-llban\AppData\Local\Programs\Ollama;C:\xampp\mysql\bin;;."/>
    <property name="java.vm.info" value="mixed mode, sharing"/>
    <property name="stderr.encoding" value="Cp1252"/>
    <property name="java.vendor" value="Oracle Corporation"/>
    <property name="java.vm.version" value="21.0.2+13-LTS-58"/>
    <property name="sun.io.unicode.encoding" value="UnicodeLittle"/>
    <property name="java.class.version" value="65.0"/>
  </properties>
  <testcase name="testHandleCheckout_successfulFlow" classname="com.fawry.controller.CheckoutControllerTest" time="0.048">
    <system-err><![CDATA[[main] WARN com.fawry.service.ValidationService - Customer balance is lower than total
 Checkout failed: Cannot complete transaction: insufficient balance in account. Required amount is 220.0, but available balance is 0.0.
]]></system-err>
  </testcase>
  <testcase name="testHandleCheckout_withExpiredProduct_shouldFail" classname="com.fawry.controller.CheckoutControllerTest" time="0.001">
    <system-err><![CDATA[[main] WARN com.fawry.service.ValidationService - Customer balance is lower than total
 Checkout failed: Cannot complete transaction: insufficient balance in account. Required amount is 110.0, but available balance is 0.0.
]]></system-err>
  </testcase>
  <testcase name="testHandleCheckout_insufficientBalance_shouldFail" classname="com.fawry.controller.CheckoutControllerTest" time="0.014">
    <system-out><![CDATA[** Shipment notice **
Cheese   200g
Cheese   200g
Total package weight 0.4g

** Checkout receipt **
2x Cheese 	200.0
----------------------
Subtotal  		200.0
Shipping  		20.0
Amount  		220.0
Remaining balance:	770.0
 Checkout completed successfully.
]]></system-out>
  </testcase>
</testsuite>